# JRE version: OpenJDK Runtime Environment (8.0_212-b04) (build 1.8.0_212-release-1586-b04)
# Java VM: OpenJDK 64-Bit Server VM (25.212-b04 mixed mode windows-amd64 compressed oops)
Heap:
 PSYoungGen      total 448000K, used 51575K [0x00000000e0000000, 0x0000000100000000, 0x0000000100000000)
  eden space 371712K, 7% used [0x00000000e0000000,0x00000000e197dce0,0x00000000f6b00000)
  from space 76288K, 33% used [0x00000000f6b00000,0x00000000f83dfff8,0x00000000fb580000)
  to   space 72704K, 0% used [0x00000000fb900000,0x00000000fb900000,0x0000000100000000)
 ParOldGen       total 227840K, used 65181K [0x00000000a0000000, 0x00000000ade80000, 0x00000000e0000000)
  object space 227840K, 28% used [0x00000000a0000000,0x00000000a3fa7778,0x00000000ade80000)
 Metaspace       used 88660K, capacity 92900K, committed 93184K, reserved 1130496K
  class space    used 11531K, capacity 12368K, committed 12544K, reserved 1048576K
GC Heap History (10 events):
Event: 113.285 GC heap before
{Heap before GC invocations=35 (full 3):
 PSYoungGen      total 417280K, used 406833K [0x00000000e0000000, 0x00000000fc200000, 0x0000000100000000)
  eden space 384512K, 100% used [0x00000000e0000000,0x00000000f7780000,0x00000000f7780000)
  from space 32768K, 68% used [0x00000000f7780000,0x00000000f8d4c410,0x00000000f9780000)
  to   space 29696K, 0% used [0x00000000f9780000,0x00000000f9780000,0x00000000fb480000)
 ParOldGen       total 142848K, used 66241K [0x00000000a0000000, 0x00000000a8b80000, 0x00000000e0000000)
  object space 142848K, 46% used [0x00000000a0000000,0x00000000a40b05d8,0x00000000a8b80000)
 Metaspace       used 79232K, capacity 82990K, committed 83072K, reserved 1120256K
  class space    used 10622K, capacity 11377K, committed 11392K, reserved 1048576K
Event: 113.411 GC heap after
Heap after GC invocations=35 (full 3):
 PSYoungGen      total 414208K, used 29691K [0x00000000e0000000, 0x00000000fc200000, 0x0000000100000000)
  eden space 384512K, 0% used [0x00000000e0000000,0x00000000e0000000,0x00000000f7780000)
  from space 29696K, 99% used [0x00000000f9780000,0x00000000fb47efc8,0x00000000fb480000)
  to   space 32768K, 0% used [0x00000000f7780000,0x00000000f7780000,0x00000000f9780000)
 ParOldGen       total 142848K, used 84260K [0x00000000a0000000, 0x00000000a8b80000, 0x00000000e0000000)
  object space 142848K, 58% used [0x00000000a0000000,0x00000000a5249070,0x00000000a8b80000)
 Metaspace       used 79232K, capacity 82990K, committed 83072K, reserved 1120256K
  class space    used 10622K, capacity 11377K, committed 11392K, reserved 1048576K
}
Event: 215.034 GC heap before
{Heap before GC invocations=36 (full 3):
 PSYoungGen      total 414208K, used 414203K [0x00000000e0000000, 0x00000000fc200000, 0x0000000100000000)
  eden space 384512K, 100% used [0x00000000e0000000,0x00000000f7780000,0x00000000f7780000)
  from space 29696K, 99% used [0x00000000f9780000,0x00000000fb47efc8,0x00000000fb480000)
  to   space 32768K, 0% used [0x00000000f7780000,0x00000000f7780000,0x00000000f9780000)
 ParOldGen       total 142848K, used 84260K [0x00000000a0000000, 0x00000000a8b80000, 0x00000000e0000000)
  object space 142848K, 58% used [0x00000000a0000000,0x00000000a5249070,0x00000000a8b80000)
 Metaspace       used 83565K, capacity 87558K, committed 87808K, reserved 1126400K
  class space    used 10929K, capacity 11727K, committed 11776K, reserved 1048576K
Event: 215.226 GC heap after
Heap after GC invocations=36 (full 3):
 PSYoungGen      total 417280K, used 32744K [0x00000000e0000000, 0x0000000100000000, 0x0000000100000000)
  eden space 384512K, 0% used [0x00000000e0000000,0x00000000e0000000,0x00000000f7780000)
  from space 32768K, 99% used [0x00000000f7780000,0x00000000f977a048,0x00000000f9780000)
  to   space 56320K, 0% used [0x00000000fc900000,0x00000000fc900000,0x0000000100000000)
 ParOldGen       total 142848K, used 102010K [0x00000000a0000000, 0x00000000a8b80000, 0x00000000e0000000)
  object space 142848K, 71% used [0x00000000a0000000,0x00000000a639ead8,0x00000000a8b80000)
 Metaspace       used 83565K, capacity 87558K, committed 87808K, reserved 1126400K
  class space    used 10929K, capacity 11727K, committed 11776K, reserved 1048576K
}
Event: 241.666 GC heap before
{Heap before GC invocations=37 (full 3):
 PSYoungGen      total 417280K, used 417256K [0x00000000e0000000, 0x0000000100000000, 0x0000000100000000)
  eden space 384512K, 100% used [0x00000000e0000000,0x00000000f7780000,0x00000000f7780000)
  from space 32768K, 99% used [0x00000000f7780000,0x00000000f977a048,0x00000000f9780000)
  to   space 56320K, 0% used [0x00000000fc900000,0x00000000fc900000,0x0000000100000000)
 ParOldGen       total 142848K, used 102010K [0x00000000a0000000, 0x00000000a8b80000, 0x00000000e0000000)
  object space 142848K, 71% used [0x00000000a0000000,0x00000000a639ead8,0x00000000a8b80000)
 Metaspace       used 86820K, capacity 91194K, committed 91520K, reserved 1128448K
  class space    used 11442K, capacity 12337K, committed 12416K, reserved 1048576K
Event: 241.849 GC heap after
Heap after GC invocations=37 (full 3):
 PSYoungGen      total 428032K, used 56311K [0x00000000e0000000, 0x0000000100000000, 0x0000000100000000)
  eden space 371712K, 0% used [0x00000000e0000000,0x00000000e0000000,0x00000000f6b00000)
  from space 56320K, 99% used [0x00000000fc900000,0x00000000ffffdc78,0x0000000100000000)
  to   space 76288K, 0% used [0x00000000f6b00000,0x00000000f6b00000,0x00000000fb580000)
 ParOldGen       total 142848K, used 132845K [0x00000000a0000000, 0x00000000a8b80000, 0x00000000e0000000)
  object space 142848K, 92% used [0x00000000a0000000,0x00000000a81bb648,0x00000000a8b80000)
 Metaspace       used 86820K, capacity 91194K, committed 91520K, reserved 1128448K
  class space    used 11442K, capacity 12337K, committed 12416K, reserved 1048576K
}
Event: 241.849 GC heap before
{Heap before GC invocations=38 (full 4):
 PSYoungGen      total 428032K, used 56311K [0x00000000e0000000, 0x0000000100000000, 0x0000000100000000)
  eden space 371712K, 0% used [0x00000000e0000000,0x00000000e0000000,0x00000000f6b00000)
  from space 56320K, 99% used [0x00000000fc900000,0x00000000ffffdc78,0x0000000100000000)
  to   space 76288K, 0% used [0x00000000f6b00000,0x00000000f6b00000,0x00000000fb580000)
 ParOldGen       total 142848K, used 132845K [0x00000000a0000000, 0x00000000a8b80000, 0x00000000e0000000)
  object space 142848K, 92% used [0x00000000a0000000,0x00000000a81bb648,0x00000000a8b80000)
 Metaspace       used 86820K, capacity 91194K, committed 91520K, reserved 1128448K
  class space    used 11442K, capacity 12337K, committed 12416K, reserved 1048576K
Event: 242.142 GC heap after
Heap after GC invocations=38 (full 4):
 PSYoungGen      total 428032K, used 0K [0x00000000e0000000, 0x0000000100000000, 0x0000000100000000)
  eden space 371712K, 0% used [0x00000000e0000000,0x00000000e0000000,0x00000000f6b00000)
  from space 56320K, 0% used [0x00000000fc900000,0x00000000fc900000,0x0000000100000000)
  to   space 76288K, 0% used [0x00000000f6b00000,0x00000000f6b00000,0x00000000fb580000)
 ParOldGen       total 227840K, used 65173K [0x00000000a0000000, 0x00000000ade80000, 0x00000000e0000000)
  object space 227840K, 28% used [0x00000000a0000000,0x00000000a3fa5778,0x00000000ade80000)
 Metaspace       used 86556K, capacity 90502K, committed 91520K, reserved 1128448K
  class space    used 11350K, capacity 12175K, committed 12416K, reserved 1048576K
}
Event: 1307.161 GC heap before
{Heap before GC invocations=39 (full 4):
 PSYoungGen      total 428032K, used 371362K [0x00000000e0000000, 0x0000000100000000, 0x0000000100000000)
  eden space 371712K, 99% used [0x00000000e0000000,0x00000000f6aa8a18,0x00000000f6b00000)
  from space 56320K, 0% used [0x00000000fc900000,0x00000000fc900000,0x0000000100000000)
  to   space 76288K, 0% used [0x00000000f6b00000,0x00000000f6b00000,0x00000000fb580000)
 ParOldGen       total 227840K, used 65173K [0x00000000a0000000, 0x00000000ade80000, 0x00000000e0000000)
  object space 227840K, 28% used [0x00000000a0000000,0x00000000a3fa5778,0x00000000ade80000)
 Metaspace       used 88523K, capacity 92734K, committed 93184K, reserved 1130496K
  class space    used 11514K, capacity 12351K, committed 12544K, reserved 1048576K
Event: 1307.206 GC heap after
Heap after GC invocations=39 (full 4):
 PSYoungGen      total 448000K, used 25471K [0x00000000e0000000, 0x0000000100000000, 0x0000000100000000)
  eden space 371712K, 0% used [0x00000000e0000000,0x00000000e0000000,0x00000000f6b00000)
  from space 76288K, 33% used [0x00000000f6b00000,0x00000000f83dfff8,0x00000000fb580000)
  to   space 72704K, 0% used [0x00000000fb900000,0x00000000fb900000,0x0000000100000000)
 ParOldGen       total 227840K, used 65181K [0x00000000a0000000, 0x00000000ade80000, 0x00000000e0000000)
  object space 227840K, 28% used [0x00000000a0000000,0x00000000a3fa7778,0x00000000ade80000)
 Metaspace       used 88523K, capacity 92734K, committed 93184K, reserved 1130496K
  class space    used 11514K, capacity 12351K, committed 12544K, reserved 1048576K
}

