# JRE version: OpenJDK Runtime Environment (8.0_212-b04) (build 1.8.0_212-release-1586-b04)
# Java VM: OpenJDK 64-Bit Server VM (25.212-b04 mixed mode windows-amd64 compressed oops)
Heap:
 PSYoungGen      total 317440K, used 85168K [0x00000000e0000000, 0x00000000fa780000, 0x0000000100000000)
  eden space 251904K, 9% used [0x00000000e0000000,0x00000000e1832ad0,0x00000000ef600000)
  from space 65536K, 92% used [0x00000000ef600000,0x00000000f30f98b8,0x00000000f3600000)
  to   space 73728K, 0% used [0x00000000f5f80000,0x00000000f5f80000,0x00000000fa780000)
 ParOldGen       total 196608K, used 92578K [0x00000000a0000000, 0x00000000ac000000, 0x00000000e0000000)
  object space 196608K, 47% used [0x00000000a0000000,0x00000000a5a689f0,0x00000000ac000000)
 Metaspace       used 102579K, capacity 108146K, committed 108352K, reserved 1142784K
  class space    used 13229K, capacity 14318K, committed 14424K, reserved 1048576K
GC Heap History (10 events):
Event: 2446.373 GC heap before
{Heap before GC invocations=27 (full 4):
 PSYoungGen      total 236032K, used 232072K [0x00000000e0000000, 0x00000000f0900000, 0x0000000100000000)
  eden space 206848K, 99% used [0x00000000e0000000,0x00000000ec9ffd48,0x00000000eca00000)
  from space 29184K, 86% used [0x00000000eec80000,0x00000000f0522638,0x00000000f0900000)
  to   space 32256K, 0% used [0x00000000eca00000,0x00000000eca00000,0x00000000ee980000)
 ParOldGen       total 196608K, used 46428K [0x00000000a0000000, 0x00000000ac000000, 0x00000000e0000000)
  object space 196608K, 23% used [0x00000000a0000000,0x00000000a2d57020,0x00000000ac000000)
 Metaspace       used 98964K, capacity 103770K, committed 104000K, reserved 1138688K
  class space    used 12935K, capacity 13900K, committed 13912K, reserved 1048576K
Event: 2446.408 GC heap after
Heap after GC invocations=27 (full 4):
 PSYoungGen      total 239104K, used 23292K [0x00000000e0000000, 0x00000000f2480000, 0x0000000100000000)
  eden space 206848K, 0% used [0x00000000e0000000,0x00000000e0000000,0x00000000eca00000)
  from space 32256K, 72% used [0x00000000eca00000,0x00000000ee0bf170,0x00000000ee980000)
  to   space 33280K, 0% used [0x00000000f0400000,0x00000000f0400000,0x00000000f2480000)
 ParOldGen       total 196608K, used 46436K [0x00000000a0000000, 0x00000000ac000000, 0x00000000e0000000)
  object space 196608K, 23% used [0x00000000a0000000,0x00000000a2d59020,0x00000000ac000000)
 Metaspace       used 98964K, capacity 103770K, committed 104000K, reserved 1138688K
  class space    used 12935K, capacity 13900K, committed 13912K, reserved 1048576K
}
Event: 2450.050 GC heap before
{Heap before GC invocations=28 (full 4):
 PSYoungGen      total 239104K, used 230139K [0x00000000e0000000, 0x00000000f2480000, 0x0000000100000000)
  eden space 206848K, 99% used [0x00000000e0000000,0x00000000ec9ffdf0,0x00000000eca00000)
  from space 32256K, 72% used [0x00000000eca00000,0x00000000ee0bf170,0x00000000ee980000)
  to   space 33280K, 0% used [0x00000000f0400000,0x00000000f0400000,0x00000000f2480000)
 ParOldGen       total 196608K, used 46436K [0x00000000a0000000, 0x00000000ac000000, 0x00000000e0000000)
  object space 196608K, 23% used [0x00000000a0000000,0x00000000a2d59020,0x00000000ac000000)
 Metaspace       used 100136K, capacity 105106K, committed 105152K, reserved 1140736K
  class space    used 13037K, capacity 13996K, committed 14040K, reserved 1048576K
Event: 2450.113 GC heap after
Heap after GC invocations=28 (full 4):
 PSYoungGen      total 257024K, used 33277K [0x00000000e0000000, 0x00000000f3800000, 0x0000000100000000)
  eden space 223744K, 0% used [0x00000000e0000000,0x00000000e0000000,0x00000000eda80000)
  from space 33280K, 99% used [0x00000000f0400000,0x00000000f247f648,0x00000000f2480000)
  to   space 42496K, 0% used [0x00000000eda80000,0x00000000eda80000,0x00000000f0400000)
 ParOldGen       total 196608K, used 58382K [0x00000000a0000000, 0x00000000ac000000, 0x00000000e0000000)
  object space 196608K, 29% used [0x00000000a0000000,0x00000000a3903ba0,0x00000000ac000000)
 Metaspace       used 100136K, capacity 105106K, committed 105152K, reserved 1140736K
  class space    used 13037K, capacity 13996K, committed 14040K, reserved 1048576K
}
Event: 2452.347 GC heap before
{Heap before GC invocations=29 (full 4):
 PSYoungGen      total 257024K, used 257021K [0x00000000e0000000, 0x00000000f3800000, 0x0000000100000000)
  eden space 223744K, 100% used [0x00000000e0000000,0x00000000eda80000,0x00000000eda80000)
  from space 33280K, 99% used [0x00000000f0400000,0x00000000f247f648,0x00000000f2480000)
  to   space 42496K, 0% used [0x00000000eda80000,0x00000000eda80000,0x00000000f0400000)
 ParOldGen       total 196608K, used 58382K [0x00000000a0000000, 0x00000000ac000000, 0x00000000e0000000)
  object space 196608K, 29% used [0x00000000a0000000,0x00000000a3903ba0,0x00000000ac000000)
 Metaspace       used 101138K, capacity 106278K, committed 106560K, reserved 1142784K
  class space    used 13100K, capacity 14122K, committed 14168K, reserved 1048576K
Event: 2452.491 GC heap after
Heap after GC invocations=29 (full 4):
 PSYoungGen      total 266240K, used 42480K [0x00000000e0000000, 0x00000000f7180000, 0x0000000100000000)
  eden space 223744K, 0% used [0x00000000e0000000,0x00000000e0000000,0x00000000eda80000)
  from space 42496K, 99% used [0x00000000eda80000,0x00000000f03fc1f8,0x00000000f0400000)
  to   space 60928K, 0% used [0x00000000f3600000,0x00000000f3600000,0x00000000f7180000)
 ParOldGen       total 196608K, used 92562K [0x00000000a0000000, 0x00000000ac000000, 0x00000000e0000000)
  object space 196608K, 47% used [0x00000000a0000000,0x00000000a5a649f0,0x00000000ac000000)
 Metaspace       used 101138K, capacity 106278K, committed 106560K, reserved 1142784K
  class space    used 13100K, capacity 14122K, committed 14168K, reserved 1048576K
}
Event: 3196.411 GC heap before
{Heap before GC invocations=30 (full 4):
 PSYoungGen      total 266240K, used 266224K [0x00000000e0000000, 0x00000000f7180000, 0x0000000100000000)
  eden space 223744K, 100% used [0x00000000e0000000,0x00000000eda80000,0x00000000eda80000)
  from space 42496K, 99% used [0x00000000eda80000,0x00000000f03fc1f8,0x00000000f0400000)
  to   space 60928K, 0% used [0x00000000f3600000,0x00000000f3600000,0x00000000f7180000)
 ParOldGen       total 196608K, used 92562K [0x00000000a0000000, 0x00000000ac000000, 0x00000000e0000000)
  object space 196608K, 47% used [0x00000000a0000000,0x00000000a5a649f0,0x00000000ac000000)
 Metaspace       used 102067K, capacity 107534K, committed 107712K, reserved 1142784K
  class space    used 13190K, capacity 14272K, committed 14296K, reserved 1048576K
Event: 3196.490 GC heap after
Heap after GC invocations=30 (full 4):
 PSYoungGen      total 312832K, used 46264K [0x00000000e0000000, 0x00000000f7600000, 0x0000000100000000)
  eden space 251904K, 0% used [0x00000000e0000000,0x00000000e0000000,0x00000000ef600000)
  from space 60928K, 75% used [0x00000000f3600000,0x00000000f632e018,0x00000000f7180000)
  to   space 65536K, 0% used [0x00000000ef600000,0x00000000ef600000,0x00000000f3600000)
 ParOldGen       total 196608K, used 92570K [0x00000000a0000000, 0x00000000ac000000, 0x00000000e0000000)
  object space 196608K, 47% used [0x00000000a0000000,0x00000000a5a669f0,0x00000000ac000000)
 Metaspace       used 102067K, capacity 107534K, committed 107712K, reserved 1142784K
  class space    used 13190K, capacity 14272K, committed 14296K, reserved 1048576K
}
Event: 3199.525 GC heap before
{Heap before GC invocations=31 (full 4):
 PSYoungGen      total 312832K, used 296779K [0x00000000e0000000, 0x00000000f7600000, 0x0000000100000000)
  eden space 251904K, 99% used [0x00000000e0000000,0x00000000ef4a4fb0,0x00000000ef600000)
  from space 60928K, 75% used [0x00000000f3600000,0x00000000f632e018,0x00000000f7180000)
  to   space 65536K, 0% used [0x00000000ef600000,0x00000000ef600000,0x00000000f3600000)
 ParOldGen       total 196608K, used 92570K [0x00000000a0000000, 0x00000000ac000000, 0x00000000e0000000)
  object space 196608K, 47% used [0x00000000a0000000,0x00000000a5a669f0,0x00000000ac000000)
 Metaspace       used 102565K, capacity 108082K, committed 108352K, reserved 1142784K
  class space    used 13229K, capacity 14318K, committed 14424K, reserved 1048576K
Event: 3199.621 GC heap after
Heap after GC invocations=31 (full 4):
 PSYoungGen      total 317440K, used 60390K [0x00000000e0000000, 0x00000000fa780000, 0x0000000100000000)
  eden space 251904K, 0% used [0x00000000e0000000,0x00000000e0000000,0x00000000ef600000)
  from space 65536K, 92% used [0x00000000ef600000,0x00000000f30f98b8,0x00000000f3600000)
  to   space 73728K, 0% used [0x00000000f5f80000,0x00000000f5f80000,0x00000000fa780000)
 ParOldGen       total 196608K, used 92578K [0x00000000a0000000, 0x00000000ac000000, 0x00000000e0000000)
  object space 196608K, 47% used [0x00000000a0000000,0x00000000a5a689f0,0x00000000ac000000)
 Metaspace       used 102565K, capacity 108082K, committed 108352K, reserved 1142784K
  class space    used 13229K, capacity 14318K, committed 14424K, reserved 1048576K
}

